2019-05-31 16:12:44,833 [INFO] from play.api.http.EnabledFilters in play-dev-mode-akka.actor.default-dispatcher-2 - Enabled Filters (see <https://www.playframework.com/documentation/latest/Filters>):

    play.filters.headers.SecurityHeadersFilter

2019-05-31 16:12:44,836 [INFO] from play.api.Play in play-dev-mode-akka.actor.default-dispatcher-2 - Application started (Dev)
2019-05-31 16:13:34,015 [INFO] from play.modules.reactivemongo.DefaultReactiveMongoApi in play-dev-mode-akka.actor.default-dispatcher-6 - ReactiveMongoApi stopping...
2019-05-31 16:13:34,044 [INFO] from play.modules.reactivemongo.DefaultReactiveMongoApi in scala-execution-context-global-123 - ReactiveMongoApi connections are stopped
2019-05-31 16:13:34,264 [INFO] from play.api.http.EnabledFilters in play-dev-mode-akka.actor.default-dispatcher-6 - Enabled Filters (see <https://www.playframework.com/documentation/latest/Filters>):

    play.filters.headers.SecurityHeadersFilter

2019-05-31 16:13:34,264 [INFO] from play.api.Play in play-dev-mode-akka.actor.default-dispatcher-6 - Application started (Dev)
2019-05-31 16:19:15,569 [INFO] from play.modules.reactivemongo.DefaultReactiveMongoApi in play-dev-mode-akka.actor.default-dispatcher-15 - ReactiveMongoApi stopping...
2019-05-31 16:19:15,578 [INFO] from play.modules.reactivemongo.DefaultReactiveMongoApi in scala-execution-context-global-191 - ReactiveMongoApi connections are stopped
2019-05-31 16:19:15,766 [INFO] from play.api.http.EnabledFilters in play-dev-mode-akka.actor.default-dispatcher-15 - Enabled Filters (see <https://www.playframework.com/documentation/latest/Filters>):

    play.filters.headers.SecurityHeadersFilter

2019-05-31 16:19:15,767 [INFO] from play.api.Play in play-dev-mode-akka.actor.default-dispatcher-15 - Application started (Dev)
2019-05-31 16:19:34,767 [INFO] from play.modules.reactivemongo.DefaultReactiveMongoApi in play-dev-mode-akka.actor.default-dispatcher-23 - ReactiveMongoApi stopping...
2019-05-31 16:19:34,779 [INFO] from play.modules.reactivemongo.DefaultReactiveMongoApi in scala-execution-context-global-252 - ReactiveMongoApi connections are stopped
2019-05-31 16:19:34,960 [INFO] from play.api.http.EnabledFilters in play-dev-mode-akka.actor.default-dispatcher-23 - Enabled Filters (see <https://www.playframework.com/documentation/latest/Filters>):

    play.filters.headers.SecurityHeadersFilter

2019-05-31 16:19:34,960 [INFO] from play.api.Play in play-dev-mode-akka.actor.default-dispatcher-23 - Application started (Dev)
2019-05-31 16:22:37,287 [INFO] from play.modules.reactivemongo.DefaultReactiveMongoApi in play-dev-mode-akka.actor.default-dispatcher-18 - ReactiveMongoApi stopping...
2019-05-31 16:22:37,307 [INFO] from play.modules.reactivemongo.DefaultReactiveMongoApi in scala-execution-context-global-309 - ReactiveMongoApi connections are stopped
2019-05-31 16:22:37,468 [INFO] from play.api.http.EnabledFilters in play-dev-mode-akka.actor.default-dispatcher-18 - Enabled Filters (see <https://www.playframework.com/documentation/latest/Filters>):

    play.filters.headers.SecurityHeadersFilter

2019-05-31 16:22:37,469 [INFO] from play.api.Play in play-dev-mode-akka.actor.default-dispatcher-18 - Application started (Dev)
